<?xml version="1.0" encoding="UTF-8"?>
<testng-results skipped="0" failed="0" ignored="0" total="1" passed="1">
  <reporter-output>
  </reporter-output>
  <suite name="Default suite" duration-ms="28704" started-at="2020-11-09T11:51:24 IST" finished-at="2020-11-09T11:51:52 IST">
    <groups>
    </groups>
    <test name="Default test" duration-ms="28704" started-at="2020-11-09T11:51:24 IST" finished-at="2020-11-09T11:51:52 IST">
      <class name="Demo.Test_Demo1">
        <test-method status="PASS" signature="bt()[pri:0, instance:Demo.Test_Demo1@45752059]" name="bt" is-config="true" duration-ms="12858" started-at="2020-11-09T11:51:24 IST" finished-at="2020-11-09T11:51:37 IST">
          <reporter-output>
          </reporter-output>
        </test-method> <!-- bt -->
        <test-method status="PASS" signature="testcase1()[pri:0, instance:Demo.Test_Demo1@45752059]" name="testcase1" duration-ms="12752" started-at="2020-11-09T11:51:37 IST" finished-at="2020-11-09T11:51:49 IST">
          <reporter-output>
          </reporter-output>
        </test-method> <!-- testcase1 -->
        <test-method status="PASS" signature="at()[pri:0, instance:Demo.Test_Demo1@45752059]" name="at" is-config="true" duration-ms="3062" started-at="2020-11-09T11:51:49 IST" finished-at="2020-11-09T11:51:52 IST">
          <reporter-output>
          </reporter-output>
        </test-method> <!-- at -->
      </class> <!-- Demo.Test_Demo1 -->
    </test> <!-- Default test -->
  </suite> <!-- Default suite -->
</testng-results>
